<?xml version="1.0" encoding="UTF-8"?>
<!-- Generated by org.testng.reporters.JUnitXMLReporter -->
<testsuite ignored="0" hostname="DESKTOP-7AQ9DRS" failures="0" tests="11" name="Default test" time="44.503" errors="0" timestamp="2021-06-18T18:19:21 IST">
  <testcase classname="testScenarios.GiftCard" name="homePageTitleTest" time="0.021"/>
  <testcase classname="testScenarios.GiftCard" name="closePopUpTest" time="9.831"/>
  <testcase classname="testScenarios.GiftCard" name="GiftCardButtonTest" time="2.452"/>
  <testcase classname="testScenarios.GiftCard" name="selectCardTest" time="0.243"/>
  <testcase classname="testScenarios.GiftCard" name="AmountTextBoxTest" time="1.74"/>
  <testcase classname="testScenarios.GiftCard" name="RecipientNameTest" time="0.283"/>
  <testcase classname="testScenarios.GiftCard" name="senderNameTest" time="0.243"/>
  <testcase classname="testScenarios.GiftCard" name="RecipientEmailTest" time="0.268"/>
  <testcase classname="testScenarios.GiftCard" name="senderNoTest" time="0.229"/>
  <testcase classname="testScenarios.GiftCard" name="errorMessageTest" time="0.619"/>
  <testcase classname="testScenarios.GiftCard" name="screenShotTest" time="0.757"/>
</testsuite> <!-- Default test -->
