<?xml version="1.0" encoding="UTF-8"?>
<!-- Generated by org.testng.reporters.JUnitXMLReporter -->
<testsuite ignored="0" hostname="Sweety" failures="0" tests="29" name="Test" time="190.785" errors="0" timestamp="2021-04-19T12:40:55 IST">
  <testcase classname="testcases.ValidateSubMenu" name="homePageTitleTest" time="0.969"/>
  <testcase classname="testcases.ValidateSubMenu" name="closePopUpTest" time="7.415"/>
  <testcase classname="testcases.ValidateSubMenu" name="CollectionButtonTest" time="19.908"/>
  <testcase classname="testcases.ValidateSubMenu" name="subMenuTest" time="8.974"/>
  <testcase classname="testcases.ValidateChairDetails" name="homePageTitleTest" time="0.011"/>
  <testcase classname="testcases.ValidateChairDetails" name="closePopUpTest" time="7.982"/>
  <testcase classname="testcases.ValidateChairDetails" name="searchBoxTest" time="5.447"/>
  <testcase classname="testcases.ValidateChairDetails" name="searchButtonTest" time="4.375"/>
  <testcase classname="testcases.ValidateChairDetails" name="chairDetailsTest" time="4.026"/>
  <testcase classname="testcases.ValidateGiftCardEntry" name="homePageTitleTest" time="0.009"/>
  <testcase classname="testcases.ValidateGiftCardEntry" name="closePopUpTest" time="5.495"/>
  <testcase classname="testcases.ValidateGiftCardEntry" name="GiftCardButtonTest" time="7.93"/>
  <testcase classname="testcases.ValidateGiftCardEntry" name="selectCardTest" time="0.399"/>
  <testcase classname="testcases.ValidateGiftCardEntry" name="AmountTextBoxTest" time="2.217"/>
  <testcase classname="testcases.ValidateGiftCardEntry" name="RecipientNameTest" time="0.4"/>
  <testcase classname="testcases.ValidateGiftCardEntry" name="senderNameTest" time="0.355"/>
  <testcase classname="testcases.ValidateGiftCardEntry" name="RecipientEmailTest" time="0.484"/>
  <testcase classname="testcases.ValidateGiftCardEntry" name="senderNoTest" time="0.396"/>
  <testcase classname="testcases.ValidateGiftCardEntry" name="errorMessageTest" time="1.507"/>
  <testcase classname="testcases.ValidateGiftCardEntry" name="screenShotTest" time="1.722"/>
  <testcase classname="testcases.ValidateBookDetails" name="homePageTitleTest" time="0.08"/>
  <testcase classname="testcases.ValidateBookDetails" name="closePopUpTest" time="8.548"/>
  <testcase classname="testcases.ValidateBookDetails" name="searchBoxTest" time="2.369"/>
  <testcase classname="testcases.ValidateBookDetails" name="searchButtonTest" time="3.993"/>
  <testcase classname="testcases.ValidateBookDetails" name="categoryTest" time="1.106"/>
  <testcase classname="testcases.ValidateBookDetails" name="storageTypeTest" time="2.167"/>
  <testcase classname="testcases.ValidateBookDetails" name="outOfStockTest" time="0.348"/>
  <testcase classname="testcases.ValidateBookDetails" name="RecommandationTest" time="2.089"/>
  <testcase classname="testcases.ValidateBookDetails" name="bookDetailsTest" time="1.38"/>
</testsuite> <!-- Test -->
