<?xml version="1.0" encoding="UTF-8"?>
<testsuite name="TestSuite" time="102.123" tests="29" errors="0" skipped="0" failures="0">
  <properties>
[...]
</properties>
  <testcase name="homePageTitleTest" classname="testcases.ValidateSubMenu" time="0.975"/>
  <testcase name="closePopUpTest" classname="testcases.ValidateSubMenu" time="7.425"/>
  <testcase name="CollectionButtonTest" classname="testcases.ValidateSubMenu" time="19.903"/>
  <testcase name="subMenuTest" classname="testcases.ValidateSubMenu" time="8.975"/>
  <testcase name="homePageTitleTest" classname="testcases.ValidateChairDetails" time="0.011"/>
  <testcase name="closePopUpTest" classname="testcases.ValidateChairDetails" time="7.983"/>
  <testcase name="searchBoxTest" classname="testcases.ValidateChairDetails" time="5.446"/>
  <testcase name="searchButtonTest" classname="testcases.ValidateChairDetails" time="4.381"/>
  <testcase name="chairDetailsTest" classname="testcases.ValidateChairDetails" time="4.025"/>
  <testcase name="homePageTitleTest" classname="testcases.ValidateGiftCardEntry" time="0.009"/>
  <testcase name="closePopUpTest" classname="testcases.ValidateGiftCardEntry" time="5.495"/>
  <testcase name="GiftCardButtonTest" classname="testcases.ValidateGiftCardEntry" time="7.929"/>
  <testcase name="selectCardTest" classname="testcases.ValidateGiftCardEntry" time="0.398"/>
  <testcase name="AmountTextBoxTest" classname="testcases.ValidateGiftCardEntry" time="2.218"/>
  <testcase name="RecipientNameTest" classname="testcases.ValidateGiftCardEntry" time="0.404"/>
  <testcase name="senderNameTest" classname="testcases.ValidateGiftCardEntry" time="0.355"/>
  <testcase name="RecipientEmailTest" classname="testcases.ValidateGiftCardEntry" time="0.484"/>
  <testcase name="senderNoTest" classname="testcases.ValidateGiftCardEntry" time="0.396"/>
  <testcase name="errorMessageTest" classname="testcases.ValidateGiftCardEntry" time="1.512"/>
  <testcase name="screenShotTest" classname="testcases.ValidateGiftCardEntry" time="1.722"/>
  <testcase name="homePageTitleTest" classname="testcases.ValidateBookDetails" time="0.078"/>
  <testcase name="closePopUpTest" classname="testcases.ValidateBookDetails" time="8.548"/>
  <testcase name="searchBoxTest" classname="testcases.ValidateBookDetails" time="2.368"/>
  <testcase name="searchButtonTest" classname="testcases.ValidateBookDetails" time="3.993"/>
  <testcase name="categoryTest" classname="testcases.ValidateBookDetails" time="1.107"/>
  <testcase name="storageTypeTest" classname="testcases.ValidateBookDetails" time="2.167"/>
  <testcase name="outOfStockTest" classname="testcases.ValidateBookDetails" time="0.348"/>
  <testcase name="RecommandationTest" classname="testcases.ValidateBookDetails" time="2.089"/>
  <testcase name="bookDetailsTest" classname="testcases.ValidateBookDetails" time="1.379"/>
</testsuite>